<?xml version="1.0" encoding="UTF-8"?>
<!-- Generated by org.testng.reporters.JUnitXMLReporter -->
<testsuite ignored="0" hostname="DESKTOP-EGHVBV3" failures="2" tests="10" name="Test" time="0.1" errors="0" timestamp="2024-08-17T22:32:35 IST">
  <testcase classname="LearnJavaPrograms.LearnDependsOnGroups" name="createLead" time="0.012">
    <skipped/>
  </testcase> <!-- createLead -->
  <testcase classname="LearnJavaPrograms.LearnDependsOnGroups" name="createLead" time="0.002">
    <skipped/>
  </testcase> <!-- createLead -->
  <testcase classname="LearnJavaPrograms.LearnDependsOnGroups" name="createLead" time="0.002">
    <failure type="java.util.NoSuchElementException">
      <![CDATA[java.util.NoSuchElementException
at LearnJavaPrograms.LearnDependsOnGroups.createLead(LearnDependsOnGroups.java:12)
at java.base/java.util.ArrayList.forEach(ArrayList.java:1597)
... Removed 25 stack frames]]>
    </failure>
  </testcase> <!-- createLead -->
  <testcase classname="LearnJavaPrograms.LearnDependsOnGroups" name="deleteLead" time="0.001"/>
  <testcase classname="LearnJavaPrograms.LearnDependsOnGroups" name="duplicateLead" time="0.003"/>
  <testcase classname="LearnJavaPrograms.LearnDependsOnGroups" name="editLead" time="0.002"/>
  <testcase classname="LearnJavaPrograms.LearnDependsOnGroups" name="login" time="0.004">
    <skipped/>
  </testcase> <!-- login -->
  <testcase classname="LearnJavaPrograms.LearnDependsOnGroups" name="login" time="0.004">
    <skipped/>
  </testcase> <!-- login -->
  <testcase classname="LearnJavaPrograms.LearnDependsOnGroups" name="login" time="0.001">
    <failure type="java.util.NoSuchElementException">
      <![CDATA[java.util.NoSuchElementException
at LearnJavaPrograms.LearnDependsOnGroups.login(LearnDependsOnGroups.java:18)
at java.base/java.util.ArrayList.forEach(ArrayList.java:1597)
... Removed 25 stack frames]]>
    </failure>
  </testcase> <!-- login -->
  <testcase classname="LearnJavaPrograms.LearnDependsOnGroups" name="mergeLead" time="0.002"/>
</testsuite> <!-- Test -->
