<?xml version="1.0" encoding="UTF-8"?>
<testng-results ignored="0" total="1" passed="1" failed="0" skipped="0">
  <reporter-output>
  </reporter-output>
  <suite started-at="2024-11-23T19:23:19 IST" name="Default suite" finished-at="2024-11-23T19:23:19 IST" duration-ms="79">
    <groups>
    </groups>
    <test started-at="2024-11-23T19:23:19 IST" name="Default test" finished-at="2024-11-23T19:23:19 IST" duration-ms="79">
      <class name="LearnJavaPrograms.TestNGLearning">
        <test-method signature="testMethod()[pri:0, instance:LearnJavaPrograms.TestNGLearning@37d4349f]" started-at="2024-11-23T19:23:19 IST" name="testMethod" finished-at="2024-11-23T19:23:19 IST" duration-ms="28" status="PASS">
          <reporter-output>
          </reporter-output>
        </test-method> <!-- testMethod -->
      </class> <!-- LearnJavaPrograms.TestNGLearning -->
    </test> <!-- Default test -->
  </suite> <!-- Default suite -->
</testng-results>
